Logged in to IV8690
IV8690 set as Master
[0mGET /auto/start_process [32m200 [0m1020.098 ms - 105[0m
[0mGET / [32m200 [0m600.577 ms - 18067[0m
[0mGET /stylesheets/style.css [32m200 [0m2.160 ms - 446[0m
[0mGET /ember/ember.css [32m200 [0m1.315 ms - 144[0m
[0mGET /ember/client-df4de52221daff602605053b4c0ddae4.js [32m200 [0m1.347 ms - 50753[0m
[0mGET /stylesheets/card.css [32m200 [0m0.828 ms - 659[0m
[0mGET /stylesheets/automation.css [32m200 [0m0.794 ms - 781[0m
[0mGET /ember/vendor-d41d8cd98f00b204e9800998ecf8427e.css [32m200 [0m0.567 ms - -[0m
[0mGET /ember/client-b08848f66855a585d2f6a332f9de4f75.css [32m200 [0m0.942 ms - 1628[0m
[0mGET /ember/entry-b096e1570ef5488a598361edc3fad5df.css [32m200 [0m0.959 ms - 1689[0m
[0mGET /ember/property-6c0bdc81a46df941a1856063ee1e8f3d.css [32m200 [0m0.825 ms - 204[0m
[0mGET /ember/strategy-cb8b4beab5196b4303db3c1aeca4a2d4.css [32m200 [0m0.772 ms - 130[0m
[0mGET /ember/vendor-5536c6f2d6c10dc7780654d33a91ef3f.js [32m200 [0m1.869 ms - 717022[0m
[0mGET /zerodha/isloggedin [32m200 [0m12.498 ms - 36[0m
[0mGET /entries [32m200 [0m17.876 ms - 3634[0m
[0mGET /trades [32m200 [0m104.004 ms - 665[0m
[0mGET /strategies [32m200 [0m101.601 ms - 8507[0m
[0mGET /properties/autoLogin [32m200 [0m166.241 ms - 107[0m
[0mGET /users [32m200 [0m174.475 ms - 156[0m
[0mGET /favicon.ico [33m404 [0m44.673 ms - 3701[0m
[0mGET /stocks/5dd17b5617a2a72cc8275f99 [32m200 [0m14.602 ms - 126[0m
[0mGET /stocks/5dd17b5617a2a72cc8275fef [32m200 [0m12.737 ms - 122[0m
[0mGET /stocks/5dd17b5617a2a72cc82746b8 [32m200 [0m13.052 ms - 129[0m
[0mGET /stocks/5dd17b5617a2a72cc8274620 [32m200 [0m12.914 ms - 122[0m
[0mGET /stocks/5dd17b5617a2a72cc827462b [32m200 [0m13.365 ms - 122[0m
[0mGET /stocks/5dd17b5617a2a72cc8274633 [32m200 [0m13.052 ms - 123[0m
[0mGET /stocks/5dd17b5617a2a72cc8274653 [32m200 [0m12.988 ms - 125[0m
[0mGET /stocks/5dd17b5617a2a72cc8274657 [32m200 [0m12.675 ms - 125[0m
[0mGET /stocks/5dd17b5617a2a72cc82746ec [32m200 [0m12.710 ms - 127[0m
[0mGET /stocks/5dd17b5617a2a72cc82746ff [32m200 [0m20.670 ms - 122[0m
[0mGET /stocks/5dd17b5617a2a72cc8274700 [32m200 [0m13.405 ms - 122[0m
[0mGET /stocks/5dd17b5617a2a72cc8274748 [32m200 [0m12.742 ms - 127[0m
[0mGET /stocks/5dd17b5617a2a72cc8274769 [32m200 [0m12.623 ms - 121[0m
[0mGET /stocks/5dd17b5617a2a72cc827475d [32m200 [0m99.696 ms - 125[0m
[0mGET /stocks/5dd17b5617a2a72cc8274775 [32m200 [0m13.325 ms - 122[0m
[0mGET /stocks/5dd17b5617a2a72cc8274776 [32m200 [0m13.393 ms - 127[0m
[0mGET /stocks/5dd17b5617a2a72cc827479e [32m200 [0m12.843 ms - 122[0m
[0mGET /stocks/5dd17b5617a2a72cc82747be [32m200 [0m12.750 ms - 129[0m
[0mGET /stocks/5dd17b5617a2a72cc82747c0 [32m200 [0m13.429 ms - 123[0m
[0mGET /stocks/5dd17b5617a2a72cc82747c6 [32m200 [0m13.130 ms - 129[0m
[0mGET /stocks/5dd17b5617a2a72cc82747d2 [32m200 [0m13.613 ms - 128[0m
[0mGET /stocks/5dd17b5617a2a72cc8274816 [32m200 [0m12.708 ms - 122[0m
[0mGET /stocks/5dd17b5617a2a72cc8274810 [32m200 [0m12.754 ms - 125[0m
[0mGET /stocks/5dd17b5617a2a72cc827481a [32m200 [0m13.348 ms - 128[0m
[0mGET /stocks/5dd17b5617a2a72cc8274824 [32m200 [0m13.309 ms - 128[0m
[0mGET /stocks/5dd17b5617a2a72cc8274827 [32m200 [0m13.259 ms - 120[0m
[0mGET /stocks/5dd17b5617a2a72cc8274833 [32m200 [0m12.853 ms - 126[0m
[0mGET /stocks/5dd17b5617a2a72cc827483b [32m200 [0m12.677 ms - 129[0m
[0mGET /stocks/5dd17b5617a2a72cc8274841 [32m200 [0m13.378 ms - 128[0m
[0mGET /stocks/5dd17b5617a2a72cc8274849 [32m200 [0m12.926 ms - 127[0m
[0mGET /stocks/5dd17b5617a2a72cc8274852 [32m200 [0m13.293 ms - 129[0m
[0mGET /stocks/5dd17b5617a2a72cc827484e [32m200 [0m12.536 ms - 127[0m
[0mGET /stocks/5dd17b5617a2a72cc8274859 [32m200 [0m12.898 ms - 127[0m
[0mGET /stocks/5dd17b5617a2a72cc8274867 [32m200 [0m13.162 ms - 127[0m
[0mGET /stocks/5dd17b5617a2a72cc827486b [32m200 [0m12.775 ms - 127[0m
[0mGET /stocks/5dd17b5617a2a72cc827486f [32m200 [0m13.225 ms - 127[0m
[0mGET /stocks/5dd17b5617a2a72cc82748ab [32m200 [0m12.721 ms - 123[0m
[0mGET /stocks/5dd17b5617a2a72cc82748bf [32m200 [0m12.830 ms - 128[0m
[0mGET /stocks/5dd17b5617a2a72cc82748c5 [32m200 [0m13.183 ms - 126[0m
[0mGET /stocks/5dd17b5617a2a72cc82748d0 [32m200 [0m12.709 ms - 125[0m
[0mGET /stocks/5dd17b5617a2a72cc82748df [32m200 [0m13.417 ms - 127[0m
[0mGET /stocks/5dd17b5617a2a72cc82748f2 [32m200 [0m12.911 ms - 127[0m
[0mGET /stocks/5dd17b5617a2a72cc82748f7 [32m200 [0m13.505 ms - 125[0m
[0mGET /stocks/5dd17b5617a2a72cc8274911 [32m200 [0m13.125 ms - 127[0m
[0mGET /stocks/5dd17b5617a2a72cc8274912 [32m200 [0m12.893 ms - 127[0m
[0mGET /stocks/5dd17b5617a2a72cc8274927 [32m200 [0m13.178 ms - 127[0m
[0mGET /stocks/5dd17b5617a2a72cc827492a [32m200 [0m12.855 ms - 127[0m
[0mGET /stocks/5dd17b5617a2a72cc827495c [32m200 [0m12.890 ms - 129[0m
[0mGET /stocks/5dd17b5617a2a72cc827495d [32m200 [0m13.355 ms - 129[0m
[0mGET /stocks/5dd17b5617a2a72cc827495f [32m200 [0m14.241 ms - 124[0m
[0mGET /stocks/5dd17b5617a2a72cc8274965 [32m200 [0m13.463 ms - 119[0m
[0mGET /stocks/5dd17b5617a2a72cc82749b4 [32m200 [0m13.004 ms - 124[0m
[0mGET /stocks/5dd17b5617a2a72cc82749b9 [32m200 [0m12.915 ms - 127[0m
[0mGET /stocks/5dd17b5617a2a72cc82749be [32m200 [0m13.173 ms - 124[0m
[0mGET /stocks/5dd17b5617a2a72cc82749c8 [32m200 [0m12.707 ms - 127[0m
[0mGET /stocks/5dd17b5617a2a72cc8275c97 [32m200 [0m13.269 ms - 129[0m
[0mGET /stocks/5dd17b5617a2a72cc8275d3e [32m200 [0m12.670 ms - 126[0m
[0mGET /stocks/5dd17b5617a2a72cc8275d3f [32m200 [0m12.797 ms - 126[0m
[0mGET /stocks/5dd17b5617a2a72cc8275d44 [32m200 [0m13.266 ms - 126[0m
[0mGET /stocks/5dd17b5617a2a72cc8275d5c [32m200 [0m12.999 ms - 126[0m
[0mGET /stocks/5dd17b5617a2a72cc8275ed2 [32m200 [0m13.411 ms - 125[0m
[0mGET /stocks/5dd17b5617a2a72cc8275ed3 [32m200 [0m12.876 ms - 121[0m
[0mGET /stocks/5dd17b5617a2a72cc8275ed9 [32m200 [0m13.117 ms - 121[0m
[0mGET /stocks/5dd17b5617a2a72cc8275f86 [32m200 [0m13.216 ms - 127[0m
[0mGET /stocks/5dd17b5617a2a72cc8275f98 [32m200 [0m13.296 ms - 122[0m
[0mGET /stocks/5dd17b5617a2a72cc8275f9d [32m200 [0m13.104 ms - 123[0m
[0mGET /stocks/5dd17b5617a2a72cc8275fcf [32m200 [0m12.996 ms - 122[0m
[0mGET /stocks/5dd17b5617a2a72cc827603d [32m200 [0m12.544 ms - 122[0m
[0mGET /stocks/5dd17b5617a2a72cc827605d [32m200 [0m13.283 ms - 124[0m
[0mGET /stocks/5dd17b5617a2a72cc827606f [32m200 [0m13.080 ms - 126[0m
[0mGET /stocks/5dd17b5617a2a72cc8276075 [32m200 [0m23.785 ms - 127[0m
[0mGET /stocks/5dd17b5617a2a72cc8276081 [32m200 [0m15.525 ms - 128[0m
[0mGET /stocks/5dd17b5617a2a72cc82760a2 [32m200 [0m12.633 ms - 128[0m
[0mGET /stocks/5dd17b5617a2a72cc82760ad [32m200 [0m13.189 ms - 121[0m
[0mGET /stocks/5dd17b5617a2a72cc82760b9 [32m200 [0m13.311 ms - 129[0m
[0mGET /stocks/5dd17b5617a2a72cc82760cb [32m200 [0m13.182 ms - 129[0m
[0mGET /stocks/5dd17b5617a2a72cc82760eb [32m200 [0m12.969 ms - 127[0m
[0mGET /stocks/5dd17b5617a2a72cc82760dd [32m200 [0m12.628 ms - 125[0m
[0mGET /stocks/5dd17b5617a2a72cc8276109 [32m200 [0m13.193 ms - 124[0m
[0mGET /stocks/5dd17b5617a2a72cc827610c [32m200 [0m13.469 ms - 127[0m
[0mGET /stocks/5dd17b5617a2a72cc8276129 [32m200 [0m13.198 ms - 126[0m
[0mGET /stocks/5dd17b5617a2a72cc827614b [32m200 [0m12.931 ms - 127[0m
[0mGET /stocks/5dd17b5617a2a72cc827615c [32m200 [0m12.538 ms - 129[0m
[0mGET /stocks/5dd17b5617a2a72cc827615d [32m200 [0m13.200 ms - 126[0m
[0mGET /stocks/5dd17b5617a2a72cc8276164 [32m200 [0m13.253 ms - 122[0m
[0mGET /stocks/5dd17b5617a2a72cc827617a [32m200 [0m13.197 ms - 126[0m
[0mGET /stocks/5dd17b5617a2a72cc8276193 [32m200 [0m14.719 ms - 124[0m
[0mGET /stocks/5dd17b5617a2a72cc82761a4 [32m200 [0m14.803 ms - 129[0m
[0mGET /stocks/5dd17b5617a2a72cc82761ab [32m200 [0m13.215 ms - 129[0m
[0mGET /stocks/5dd17b5617a2a72cc82761ba [32m200 [0m12.918 ms - 129[0m
[0mGET /stocks/5dd17b5617a2a72cc82761bc [32m200 [0m13.055 ms - 129[0m
[0mGET /stocks/5dd17b5617a2a72cc82761bf [32m200 [0m13.066 ms - 128[0m
[0mGET /stocks/5dd17b5617a2a72cc82761c1 [32m200 [0m13.989 ms - 127[0m
[0mGET /stocks/5dd17b5617a2a72cc82761c6 [32m200 [0m13.140 ms - 126[0m
[0mGET /stocks/5dd17b5617a2a72cc82761cf [32m200 [0m13.204 ms - 124[0m
[0mGET /stocks/5dd17b5617a2a72cc82761d1 [32m200 [0m12.989 ms - 121[0m
[0mGET /stocks/5dd17b5617a2a72cc82761f8 [32m200 [0m13.170 ms - 122[0m
[0mGET /stocks/5dd17b5617a2a72cc82761fe [32m200 [0m12.618 ms - 128[0m
[0mGET /stocks/5dd17b5617a2a72cc8276212 [32m200 [0m13.231 ms - 125[0m
[0mGET /stocks/5dd17b5617a2a72cc8276215 [32m200 [0m12.985 ms - 122[0m
[0mGET /stocks/5dd17b5617a2a72cc8276218 [32m200 [0m13.248 ms - 128[0m
[0mGET /stocks/5dd17b5617a2a72cc827622d [32m200 [0m12.951 ms - 123[0m
[0mGET /stocks/5dd17b5617a2a72cc8276229 [32m200 [0m12.579 ms - 127[0m
[0mGET /stocks/5dd17b5617a2a72cc8276261 [32m200 [0m13.103 ms - 127[0m
[0mGET /stocks/5dd17b5617a2a72cc827629b [32m200 [0m13.237 ms - 123[0m
[0mGET /stocks/5dd17b5617a2a72cc82762a2 [32m200 [0m13.020 ms - 123[0m
[0mGET /stocks/5dd17b5617a2a72cc82762ac [32m200 [0m13.249 ms - 128[0m
[0mGET /stocks/5dd17b5617a2a72cc82762b9 [32m200 [0m12.649 ms - 128[0m
[0mGET /stocks/5dd17b5617a2a72cc82762ca [32m200 [0m12.853 ms - 129[0m
[0mGET /stocks/5dd17b5617a2a72cc82762d0 [32m200 [0m13.155 ms - 125[0m
[0mGET /stocks/5dd17b5617a2a72cc827630e [32m200 [0m12.957 ms - 125[0m
[0mGET /stocks/5dd17b5617a2a72cc8276311 [32m200 [0m13.134 ms - 128[0m
[0mGET /stocks/5dd17b5617a2a72cc8276318 [32m200 [0m12.807 ms - 126[0m
[0mGET /stocks/5dd17b5617a2a72cc827631c [32m200 [0m12.517 ms - 124[0m
[0mGET /stocks/5dd17b5617a2a72cc8276328 [32m200 [0m13.101 ms - 122[0m
[0mGET /stocks/5dd17b5617a2a72cc827632f [32m200 [0m12.695 ms - 128[0m
[0mGET /stocks/5dd17b5617a2a72cc827633a [32m200 [0m13.202 ms - 122[0m
[0mGET /stocks/5dd17b5617a2a72cc8276343 [32m200 [0m12.476 ms - 122[0m
[0mGET /stocks/5dd17b5617a2a72cc8276344 [32m200 [0m12.621 ms - 126[0m
[0mGET /stocks/5dd17b5617a2a72cc8276365 [32m200 [0m13.062 ms - 129[0m
[0mGET /stocks/5dd17b5617a2a72cc8276373 [32m200 [0m12.747 ms - 121[0m
[0mGET /stocks/5dd17b5617a2a72cc827638a [32m200 [0m13.179 ms - 122[0m
[0mGET /stocks/5dd17b5617a2a72cc827638b [32m200 [0m12.616 ms - 126[0m
[0mGET /stocks/5dd17b5617a2a72cc827637a [32m200 [0m13.398 ms - 127[0m
[0mGET /stocks/5dd17b5617a2a72cc82763a7 [32m200 [0m13.188 ms - 127[0m
[0mGET /stocks/5dd17b5617a2a72cc82763ad [32m200 [0m12.653 ms - 126[0m
[0mGET / [32m200 [0m196.764 ms - 18067[0m
[0mGET / [36m304 [0m164.471 ms - -[0m
[0mGET /events [32m200 [0m0.872 ms - -[0m
[0mGET /stylesheets/style.css [36m304 [0m0.860 ms - -[0m
[0mGET /ember/ember.css [36m304 [0m0.343 ms - -[0m
[0mGET /ember/vendor-5536c6f2d6c10dc7780654d33a91ef3f.js [36m304 [0m0.369 ms - -[0m
[0mGET /ember/client-df4de52221daff602605053b4c0ddae4.js [36m304 [0m0.200 ms - -[0m
[0mGET /stylesheets/card.css [36m304 [0m0.266 ms - -[0m
[0mGET /stylesheets/automation.css [36m304 [0m0.342 ms - -[0m
[0mGET /ember/vendor-d41d8cd98f00b204e9800998ecf8427e.css [36m304 [0m0.248 ms - -[0m
[0mGET /ember/client-b08848f66855a585d2f6a332f9de4f75.css [36m304 [0m0.226 ms - -[0m
[0mGET /ember/property-6c0bdc81a46df941a1856063ee1e8f3d.css [36m304 [0m0.351 ms - -[0m
[0mGET /ember/strategy-cb8b4beab5196b4303db3c1aeca4a2d4.css [36m304 [0m0.200 ms - -[0m
[0mGET /ember/entry-b096e1570ef5488a598361edc3fad5df.css [36m304 [0m0.236 ms - -[0m
[0mGET /strategies [36m304 [0m17.611 ms - -[0m
[0mGET /trades [36m304 [0m15.635 ms - -[0m
[0mGET /entries [36m304 [0m14.688 ms - -[0m
[0mGET /zerodha/isloggedin [36m304 [0m13.925 ms - -[0m
[0mGET /properties/autoLogin [36m304 [0m13.326 ms - -[0m
[0mGET /users [36m304 [0m13.497 ms - -[0m
[0mGET /stocks/5dd17b5617a2a72cc82746b8 [36m304 [0m13.500 ms - -[0m
[0mGET /stocks/5dd17b5617a2a72cc8274620 [36m304 [0m12.976 ms - -[0m
[0mGET /stocks/5dd17b5617a2a72cc8275fef [36m304 [0m12.723 ms - -[0m
[0mGET /stocks/5dd17b5617a2a72cc8275f99 [36m304 [0m12.652 ms - -[0m
[0mGET /stocks/5dd17b5617a2a72cc827462b [36m304 [0m13.109 ms - -[0m
[0mGET /stocks/5dd17b5617a2a72cc8274633 [36m304 [0m13.178 ms - -[0m
[0mGET /stocks/5dd17b5617a2a72cc8274653 [36m304 [0m12.571 ms - -[0m
[0mGET /stocks/5dd17b5617a2a72cc8274657 [36m304 [0m12.646 ms - -[0m
[0mGET /stocks/5dd17b5617a2a72cc82746ec [36m304 [0m13.365 ms - -[0m
[0mGET /stocks/5dd17b5617a2a72cc82746ff [36m304 [0m13.086 ms - -[0m
[0mGET /stocks/5dd17b5617a2a72cc8274700 [36m304 [0m13.059 ms - -[0m
[0mGET /stocks/5dd17b5617a2a72cc8274748 [36m304 [0m12.566 ms - -[0m
[0mGET /stocks/5dd17b5617a2a72cc827475d [36m304 [0m12.649 ms - -[0m
[0mGET /stocks/5dd17b5617a2a72cc8274769 [36m304 [0m12.534 ms - -[0m
[0mGET /stocks/5dd17b5617a2a72cc8274775 [36m304 [0m13.183 ms - -[0m
[0mGET /stocks/5dd17b5617a2a72cc8274776 [36m304 [0m13.044 ms - -[0m
[0mGET /stocks/5dd17b5617a2a72cc827479e [36m304 [0m12.591 ms - -[0m
[0mGET /stocks/5dd17b5617a2a72cc82747be [36m304 [0m12.988 ms - -[0m
[0mGET /stocks/5dd17b5617a2a72cc82747c0 [36m304 [0m12.522 ms - -[0m
[0mGET /stocks/5dd17b5617a2a72cc82747c6 [36m304 [0m13.158 ms - -[0m
[0mGET /stocks/5dd17b5617a2a72cc82747d2 [36m304 [0m12.949 ms - -[0m
[0mGET /stocks/5dd17b5617a2a72cc8274810 [36m304 [0m12.545 ms - -[0m
[0mGET /stocks/5dd17b5617a2a72cc8274816 [36m304 [0m12.912 ms - -[0m
[0mGET /stocks/5dd17b5617a2a72cc827481a [36m304 [0m12.421 ms - -[0m
[0mGET /stocks/5dd17b5617a2a72cc8274824 [36m304 [0m13.974 ms - -[0m
[0mGET /stocks/5dd17b5617a2a72cc8274827 [36m304 [0m13.174 ms - -[0m
[0mGET /stocks/5dd17b5617a2a72cc8274833 [36m304 [0m12.580 ms - -[0m
[0mGET /stocks/5dd17b5617a2a72cc8274841 [36m304 [0m12.858 ms - -[0m
[0mGET /stocks/5dd17b5617a2a72cc827483b [36m304 [0m12.866 ms - -[0m
[0mGET /stocks/5dd17b5617a2a72cc8274849 [36m304 [0m14.777 ms - -[0m
[0mGET /stocks/5dd17b5617a2a72cc827484e [36m304 [0m13.902 ms - -[0m
[0mGET /stocks/5dd17b5617a2a72cc8274852 [36m304 [0m12.782 ms - -[0m
[0mGET /stocks/5dd17b5617a2a72cc8274867 [36m304 [0m12.939 ms - -[0m
[0mGET /stocks/5dd17b5617a2a72cc8274859 [36m304 [0m12.602 ms - -[0m
[0mGET /stocks/5dd17b5617a2a72cc827486b [36m304 [0m12.964 ms - -[0m
[0mGET /stocks/5dd17b5617a2a72cc827486f [36m304 [0m13.080 ms - -[0m
[0mGET /stocks/5dd17b5617a2a72cc82748ab [36m304 [0m12.682 ms - -[0m
[0mGET /stocks/5dd17b5617a2a72cc82748bf [36m304 [0m13.000 ms - -[0m
[0mGET /stocks/5dd17b5617a2a72cc82748c5 [36m304 [0m12.416 ms - -[0m
[0mGET /stocks/5dd17b5617a2a72cc82748d0 [36m304 [0m12.928 ms - -[0m
[0mGET /stocks/5dd17b5617a2a72cc82748df [36m304 [0m12.998 ms - -[0m
[0mGET /stocks/5dd17b5617a2a72cc82748f2 [36m304 [0m12.768 ms - -[0m
[0mGET /stocks/5dd17b5617a2a72cc82748f7 [36m304 [0m12.973 ms - -[0m
[0mGET /stocks/5dd17b5617a2a72cc8274911 [36m304 [0m12.504 ms - -[0m
[0mGET /stocks/5dd17b5617a2a72cc8274912 [36m304 [0m12.809 ms - -[0m
[0mGET /stocks/5dd17b5617a2a72cc8274927 [36m304 [0m13.211 ms - -[0m
[0mGET /stocks/5dd17b5617a2a72cc827492a [36m304 [0m12.637 ms - -[0m
[0mGET /stocks/5dd17b5617a2a72cc827495c [36m304 [0m13.095 ms - -[0m
[0mGET /stocks/5dd17b5617a2a72cc827495d [36m304 [0m12.535 ms - -[0m
[0mGET /stocks/5dd17b5617a2a72cc827495f [36m304 [0m12.760 ms - -[0m
[0mGET /stocks/5dd17b5617a2a72cc8274965 [36m304 [0m13.079 ms - -[0m
[0mGET /stocks/5dd17b5617a2a72cc82749b4 [36m304 [0m12.794 ms - -[0m
[0mGET /stocks/5dd17b5617a2a72cc82749be [36m304 [0m12.774 ms - -[0m
[0mGET /stocks/5dd17b5617a2a72cc82749b9 [36m304 [0m12.644 ms - -[0m
[0mGET /stocks/5dd17b5617a2a72cc82749c8 [36m304 [0m12.524 ms - -[0m
[0mGET /stocks/5dd17b5617a2a72cc8275c97 [36m304 [0m13.051 ms - -[0m
[0mGET /stocks/5dd17b5617a2a72cc8275d3e [36m304 [0m12.701 ms - -[0m
[0mGET /stocks/5dd17b5617a2a72cc8275d3f [36m304 [0m13.207 ms - -[0m
[0mGET /stocks/5dd17b5617a2a72cc8275d44 [36m304 [0m12.706 ms - -[0m
[0mGET /stocks/5dd17b5617a2a72cc8275d5c [36m304 [0m12.527 ms - -[0m
[0mGET /stocks/5dd17b5617a2a72cc8275ed2 [36m304 [0m12.972 ms - -[0m
[0mGET /stocks/5dd17b5617a2a72cc8275ed3 [36m304 [0m12.664 ms - -[0m
[0mGET /stocks/5dd17b5617a2a72cc8275ed9 [36m304 [0m13.698 ms - -[0m
[0mGET /stocks/5dd17b5617a2a72cc8275f98 [36m304 [0m14.055 ms - -[0m
[0mGET /stocks/5dd17b5617a2a72cc8275f86 [36m304 [0m12.678 ms - -[0m
[0mGET /stocks/5dd17b5617a2a72cc8275f9d [36m304 [0m13.267 ms - -[0m
[0mGET /stocks/5dd17b5617a2a72cc8275fcf [36m304 [0m13.080 ms - -[0m
[0mGET /stocks/5dd17b5617a2a72cc827603d [36m304 [0m13.169 ms - -[0m
[0mGET /stocks/5dd17b5617a2a72cc827605d [36m304 [0m12.612 ms - -[0m
[0mGET /stocks/5dd17b5617a2a72cc8276075 [36m304 [0m12.717 ms - -[0m
[0mGET /stocks/5dd17b5617a2a72cc8276081 [36m304 [0m13.115 ms - -[0m
[0mGET /stocks/5dd17b5617a2a72cc82760a2 [36m304 [0m12.930 ms - -[0m
[0mGET /stocks/5dd17b5617a2a72cc82760ad [36m304 [0m13.696 ms - -[0m
[0mGET /stocks/5dd17b5617a2a72cc82760b9 [36m304 [0m12.493 ms - -[0m
[0mGET /stocks/5dd17b5617a2a72cc82760cb [36m304 [0m12.611 ms - -[0m
[0mGET /stocks/5dd17b5617a2a72cc82760dd [36m304 [0m13.269 ms - -[0m
[0mGET /stocks/5dd17b5617a2a72cc82760eb [36m304 [0m13.226 ms - -[0m
[0mGET /stocks/5dd17b5617a2a72cc827606f [36m304 [0m13.186 ms - -[0m
[0mGET /stocks/5dd17b5617a2a72cc8276109 [36m304 [0m13.062 ms - -[0m
[0mGET /stocks/5dd17b5617a2a72cc827610c [36m304 [0m21.323 ms - -[0m
[0mGET /stocks/5dd17b5617a2a72cc8276129 [36m304 [0m13.056 ms - -[0m
[0mGET /stocks/5dd17b5617a2a72cc827614b [36m304 [0m12.852 ms - -[0m
[0mGET /stocks/5dd17b5617a2a72cc827615c [36m304 [0m13.143 ms - -[0m
[0mGET /stocks/5dd17b5617a2a72cc827615d [36m304 [0m13.251 ms - -[0m
[0mGET /stocks/5dd17b5617a2a72cc8276164 [36m304 [0m12.992 ms - -[0m
[0mGET /stocks/5dd17b5617a2a72cc827617a [36m304 [0m12.862 ms - -[0m
[0mGET /stocks/5dd17b5617a2a72cc8276193 [36m304 [0m12.974 ms - -[0m
[0mGET /stocks/5dd17b5617a2a72cc82761a4 [36m304 [0m13.120 ms - -[0m
[0mGET /stocks/5dd17b5617a2a72cc82761ab [36m304 [0m12.928 ms - -[0m
[0mGET /stocks/5dd17b5617a2a72cc82761ba [36m304 [0m12.786 ms - -[0m
[0mGET /stocks/5dd17b5617a2a72cc82761bc [36m304 [0m12.871 ms - -[0m
[0mGET /stocks/5dd17b5617a2a72cc82761bf [36m304 [0m12.968 ms - -[0m
[0mGET /stocks/5dd17b5617a2a72cc82761c1 [36m304 [0m13.016 ms - -[0m
[0mGET /stocks/5dd17b5617a2a72cc82761c6 [36m304 [0m12.950 ms - -[0m
[0mGET /stocks/5dd17b5617a2a72cc82761cf [36m304 [0m13.043 ms - -[0m
[0mGET /stocks/5dd17b5617a2a72cc82761d1 [36m304 [0m20.950 ms - -[0m
[0mGET /stocks/5dd17b5617a2a72cc82761f8 [36m304 [0m15.474 ms - -[0m
[0mGET /stocks/5dd17b5617a2a72cc82761fe [36m304 [0m12.928 ms - -[0m
[0mGET /stocks/5dd17b5617a2a72cc8276212 [36m304 [0m13.080 ms - -[0m
[0mGET /stocks/5dd17b5617a2a72cc8276215 [36m304 [0m13.100 ms - -[0m
[0mGET /stocks/5dd17b5617a2a72cc8276218 [36m304 [0m12.640 ms - -[0m
[0mGET /stocks/5dd17b5617a2a72cc8276229 [36m304 [0m12.769 ms - -[0m
[0mGET /stocks/5dd17b5617a2a72cc827622d [36m304 [0m12.871 ms - -[0m
[0mGET /stocks/5dd17b5617a2a72cc8276261 [36m304 [0m13.103 ms - -[0m
[0mGET /stocks/5dd17b5617a2a72cc827629b [36m304 [0m13.115 ms - -[0m
[0mGET /stocks/5dd17b5617a2a72cc82762a2 [36m304 [0m12.461 ms - -[0m
[0mGET /stocks/5dd17b5617a2a72cc82762ac [36m304 [0m13.041 ms - -[0m
[0mGET /stocks/5dd17b5617a2a72cc82762b9 [36m304 [0m13.099 ms - -[0m
[0mGET /stocks/5dd17b5617a2a72cc82762ca [36m304 [0m13.078 ms - -[0m
[0mGET /stocks/5dd17b5617a2a72cc82762d0 [36m304 [0m13.038 ms - -[0m
[0mGET /stocks/5dd17b5617a2a72cc827630e [36m304 [0m12.594 ms - -[0m
[0mGET /stocks/5dd17b5617a2a72cc8276311 [36m304 [0m12.985 ms - -[0m
[0mGET /stocks/5dd17b5617a2a72cc8276318 [36m304 [0m12.607 ms - -[0m
[0mGET /stocks/5dd17b5617a2a72cc827631c [36m304 [0m12.936 ms - -[0m
[0mGET /stocks/5dd17b5617a2a72cc827632f [36m304 [0m13.127 ms - -[0m
[0mGET /stocks/5dd17b5617a2a72cc8276328 [36m304 [0m12.510 ms - -[0m
[0mGET /stocks/5dd17b5617a2a72cc827633a [36m304 [0m12.845 ms - -[0m
[0mGET /stocks/5dd17b5617a2a72cc8276343 [36m304 [0m13.061 ms - -[0m
[0mGET /stocks/5dd17b5617a2a72cc8276344 [36m304 [0m13.201 ms - -[0m
[0mGET /stocks/5dd17b5617a2a72cc8276365 [36m304 [0m13.108 ms - -[0m
[0mGET /stocks/5dd17b5617a2a72cc8276373 [36m304 [0m12.448 ms - -[0m
[0mGET /stocks/5dd17b5617a2a72cc827637a [36m304 [0m12.611 ms - -[0m
[0mGET /stocks/5dd17b5617a2a72cc827638a [36m304 [0m12.590 ms - -[0m
[0mGET /stocks/5dd17b5617a2a72cc827638b [36m304 [0m13.102 ms - -[0m
[0mGET /stocks/5dd17b5617a2a72cc82763a7 [36m304 [0m13.242 ms - -[0m
[0mGET /stocks/5dd17b5617a2a72cc82763ad [36m304 [0m12.628 ms - -[0m
[0mGET /strategies [36m304 [0m15.389 ms - -[0m
[0mGET /trades [36m304 [0m16.092 ms - -[0m
[0mGET /trades [36m304 [0m13.504 ms - -[0m
[0mGET /strategies [36m304 [0m20.511 ms - -[0m
[0mGET /trades [36m304 [0m13.327 ms - -[0m
[0mGET /strategies [36m304 [0m14.059 ms - -[0m
[0mGET /entries [36m304 [0m14.490 ms - -[0m
[0mGET /trades [36m304 [0m17.167 ms - -[0m
[0mGET /strategies [36m304 [0m14.617 ms - -[0m
[0mGET / [32m200 [0m208.110 ms - 18067[0m
[0mGET /events [32m200 [0m0.294 ms - -[0m
[0mGET /stylesheets/style.css [32m200 [0m1.020 ms - 446[0m
[0mGET /ember/client-df4de52221daff602605053b4c0ddae4.js [32m200 [0m19.181 ms - 50753[0m
[0mGET /ember/ember.css [32m200 [0m12.219 ms - 144[0m
[0mGET /stylesheets/card.css [32m200 [0m0.539 ms - 659[0m
[0mGET /stylesheets/automation.css [32m200 [0m0.325 ms - 781[0m
[0mGET /ember/vendor-d41d8cd98f00b204e9800998ecf8427e.css [32m200 [0m0.424 ms - -[0m
[0mGET /ember/client-b08848f66855a585d2f6a332f9de4f75.css [32m200 [0m0.413 ms - 1628[0m
[0mGET /ember/entry-b096e1570ef5488a598361edc3fad5df.css [32m200 [0m0.428 ms - 1689[0m
[0mGET /ember/strategy-cb8b4beab5196b4303db3c1aeca4a2d4.css [32m200 [0m0.320 ms - 130[0m
[0mGET /ember/property-6c0bdc81a46df941a1856063ee1e8f3d.css [32m200 [0m0.344 ms - 204[0m
[0mGET /zerodha/isloggedin [32m200 [0m26.836 ms - 36[0m
[0mGET /ember/vendor-5536c6f2d6c10dc7780654d33a91ef3f.js [32m200 [0m1.115 ms - 717022[0m
[0mGET /entries [32m200 [0m15.296 ms - 3634[0m
[0mGET /strategies [32m200 [0m18.211 ms - 8507[0m
[0mGET /properties/autoLogin [32m200 [0m13.384 ms - 107[0m
[0mGET /trades [32m200 [0m13.075 ms - 665[0m
[0mGET /favicon.ico [33m404 [0m25.636 ms - 3701[0m
[0mGET /users [32m200 [0m38.482 ms - 156[0m
[0mGET /stocks/5dd17b5617a2a72cc8275f99 [36m304 [0m13.477 ms - -[0m
[0mGET /stocks/5dd17b5617a2a72cc827462b [36m304 [0m12.812 ms - -[0m
[0mGET /stocks/5dd17b5617a2a72cc8274620 [36m304 [0m14.511 ms - -[0m
[0mGET /stocks/5dd17b5617a2a72cc82746b8 [36m304 [0m14.965 ms - -[0m
[0mGET /stocks/5dd17b5617a2a72cc8275fef [36m304 [0m141.146 ms - -[0m
[0mGET /stocks/5dd17b5617a2a72cc8274653 [36m304 [0m13.658 ms - -[0m
[0mGET /stocks/5dd17b5617a2a72cc8274633 [36m304 [0m13.170 ms - -[0m
[0mGET /stocks/5dd17b5617a2a72cc8274657 [36m304 [0m12.389 ms - -[0m
[0mGET /stocks/5dd17b5617a2a72cc82746ec [36m304 [0m12.397 ms - -[0m
[0mGET /stocks/5dd17b5617a2a72cc82746ff [36m304 [0m14.106 ms - -[0m
[0mGET /stocks/5dd17b5617a2a72cc8274748 [36m304 [0m13.329 ms - -[0m
[0mGET /stocks/5dd17b5617a2a72cc8274700 [36m304 [0m19.408 ms - -[0m
[0mGET /stocks/5dd17b5617a2a72cc8274769 [36m304 [0m12.366 ms - -[0m
[0mGET /stocks/5dd17b5617a2a72cc827475d [36m304 [0m12.528 ms - -[0m
[0mGET /stocks/5dd17b5617a2a72cc8274775 [36m304 [0m12.764 ms - -[0m
[0mGET /stocks/5dd17b5617a2a72cc827479e [36m304 [0m13.345 ms - -[0m
[0mGET /stocks/5dd17b5617a2a72cc8274776 [36m304 [0m12.862 ms - -[0m
[0mGET /stocks/5dd17b5617a2a72cc82747be [36m304 [0m12.561 ms - -[0m
[0mGET /stocks/5dd17b5617a2a72cc82747c0 [36m304 [0m12.430 ms - -[0m
[0mGET /stocks/5dd17b5617a2a72cc82747c6 [36m304 [0m12.731 ms - -[0m
[0mGET /stocks/5dd17b5617a2a72cc82747d2 [36m304 [0m13.201 ms - -[0m
[0mGET /stocks/5dd17b5617a2a72cc8274810 [36m304 [0m12.441 ms - -[0m
[0mGET /stocks/5dd17b5617a2a72cc8274816 [36m304 [0m12.453 ms - -[0m
[0mGET /stocks/5dd17b5617a2a72cc827481a [36m304 [0m12.368 ms - -[0m
[0mGET /stocks/5dd17b5617a2a72cc8274824 [36m304 [0m15.660 ms - -[0m
[0mGET /stocks/5dd17b5617a2a72cc8274827 [36m304 [0m12.880 ms - -[0m
[0mGET /stocks/5dd17b5617a2a72cc8274833 [36m304 [0m12.430 ms - -[0m
[0mGET /stocks/5dd17b5617a2a72cc827483b [36m304 [0m12.597 ms - -[0m
[0mGET /stocks/5dd17b5617a2a72cc8274841 [36m304 [0m12.451 ms - -[0m
[0mGET /stocks/5dd17b5617a2a72cc8274849 [36m304 [0m12.987 ms - -[0m
[0mGET /stocks/5dd17b5617a2a72cc827484e [36m304 [0m12.656 ms - -[0m
[0mGET /stocks/5dd17b5617a2a72cc8274852 [36m304 [0m12.568 ms - -[0m
[0mGET /stocks/5dd17b5617a2a72cc8274859 [36m304 [0m12.814 ms - -[0m
[0mGET /stocks/5dd17b5617a2a72cc8274867 [36m304 [0m12.501 ms - -[0m
[0mGET /stocks/5dd17b5617a2a72cc827486b [36m304 [0m12.771 ms - -[0m
[0mGET /stocks/5dd17b5617a2a72cc827486f [36m304 [0m12.878 ms - -[0m
[0mGET /stocks/5dd17b5617a2a72cc82748ab [36m304 [0m12.481 ms - -[0m
[0mGET /stocks/5dd17b5617a2a72cc82748bf [36m304 [0m12.798 ms - -[0m
[0mGET /stocks/5dd17b5617a2a72cc82748c5 [36m304 [0m12.412 ms - -[0m
[0mGET /stocks/5dd17b5617a2a72cc82748d0 [36m304 [0m12.898 ms - -[0m
[0mGET /stocks/5dd17b5617a2a72cc82748df [36m304 [0m15.576 ms - -[0m
[0mGET /stocks/5dd17b5617a2a72cc82748f2 [36m304 [0m12.433 ms - -[0m
[0mGET /stocks/5dd17b5617a2a72cc82748f7 [36m304 [0m12.775 ms - -[0m
[0mGET /stocks/5dd17b5617a2a72cc8274911 [36m304 [0m12.272 ms - -[0m
[0mGET /stocks/5dd17b5617a2a72cc8274912 [36m304 [0m12.879 ms - -[0m
[0mGET /stocks/5dd17b5617a2a72cc8274927 [36m304 [0m12.729 ms - -[0m
[0mGET /stocks/5dd17b5617a2a72cc827492a [36m304 [0m12.364 ms - -[0m
[0mGET /stocks/5dd17b5617a2a72cc827495d [36m304 [0m12.812 ms - -[0m
[0mGET /stocks/5dd17b5617a2a72cc827495c [36m304 [0m12.444 ms - -[0m
[0mGET /stocks/5dd17b5617a2a72cc827495f [36m304 [0m12.929 ms - -[0m
[0mGET /stocks/5dd17b5617a2a72cc8274965 [36m304 [0m12.769 ms - -[0m
[0mGET /stocks/5dd17b5617a2a72cc82749b4 [36m304 [0m12.450 ms - -[0m
[0mGET /stocks/5dd17b5617a2a72cc82749b9 [36m304 [0m12.917 ms - -[0m
[0mGET /stocks/5dd17b5617a2a72cc82749be [36m304 [0m13.301 ms - -[0m
[0mGET /stocks/5dd17b5617a2a72cc82749c8 [36m304 [0m12.969 ms - -[0m
[0mGET /stocks/5dd17b5617a2a72cc8275c97 [36m304 [0m12.703 ms - -[0m
[0mGET /stocks/5dd17b5617a2a72cc8275d3e [36m304 [0m12.555 ms - -[0m
[0mGET /stocks/5dd17b5617a2a72cc8275d44 [36m304 [0m13.083 ms - -[0m
[0mGET /stocks/5dd17b5617a2a72cc8275d3f [36m304 [0m12.423 ms - -[0m
[0mGET /stocks/5dd17b5617a2a72cc8275d5c [36m304 [0m12.883 ms - -[0m
[0mGET /stocks/5dd17b5617a2a72cc8275ed2 [36m304 [0m13.137 ms - -[0m
[0mGET /stocks/5dd17b5617a2a72cc8275ed3 [36m304 [0m12.918 ms - -[0m
[0mGET /stocks/5dd17b5617a2a72cc8275f86 [36m304 [0m12.906 ms - -[0m
[0mGET /stocks/5dd17b5617a2a72cc8275ed9 [36m304 [0m12.365 ms - -[0m
[0mGET /stocks/5dd17b5617a2a72cc8275f98 [36m304 [0m12.749 ms - -[0m
[0mGET /stocks/5dd17b5617a2a72cc8275f9d [36m304 [0m13.040 ms - -[0m
[0mGET /stocks/5dd17b5617a2a72cc8275fcf [36m304 [0m12.660 ms - -[0m
[0mGET /stocks/5dd17b5617a2a72cc827605d [36m304 [0m13.666 ms - -[0m
[0mGET /stocks/5dd17b5617a2a72cc827603d [36m304 [0m14.090 ms - -[0m
[0mGET /stocks/5dd17b5617a2a72cc827606f [36m304 [0m12.952 ms - -[0m
[0mGET /stocks/5dd17b5617a2a72cc8276075 [36m304 [0m12.893 ms - -[0m
[0mGET /stocks/5dd17b5617a2a72cc8276081 [36m304 [0m12.642 ms - -[0m
[0mGET /stocks/5dd17b5617a2a72cc82760a2 [36m304 [0m12.871 ms - -[0m
[0mGET /stocks/5dd17b5617a2a72cc82760ad [36m304 [0m12.493 ms - -[0m
[0mGET /stocks/5dd17b5617a2a72cc82760b9 [36m304 [0m12.649 ms - -[0m
[0mGET /stocks/5dd17b5617a2a72cc82760cb [36m304 [0m12.934 ms - -[0m
[0mGET /stocks/5dd17b5617a2a72cc82760dd [36m304 [0m13.230 ms - -[0m
[0mGET /stocks/5dd17b5617a2a72cc82760eb [36m304 [0m12.922 ms - -[0m
[0mGET /stocks/5dd17b5617a2a72cc8276109 [36m304 [0m12.633 ms - -[0m
[0mGET /stocks/5dd17b5617a2a72cc827610c [36m304 [0m12.923 ms - -[0m
[0mGET /stocks/5dd17b5617a2a72cc8276129 [36m304 [0m12.790 ms - -[0m
[0mGET /stocks/5dd17b5617a2a72cc827614b [36m304 [0m13.190 ms - -[0m
[0mGET /stocks/5dd17b5617a2a72cc827615c [36m304 [0m15.254 ms - -[0m
[0mGET /stocks/5dd17b5617a2a72cc827615d [36m304 [0m12.534 ms - -[0m
[0mGET /stocks/5dd17b5617a2a72cc8276164 [36m304 [0m12.633 ms - -[0m
[0mGET /stocks/5dd17b5617a2a72cc827617a [36m304 [0m13.062 ms - -[0m
[0mGET /stocks/5dd17b5617a2a72cc8276193 [36m304 [0m13.077 ms - -[0m
[0mGET /stocks/5dd17b5617a2a72cc82761a4 [36m304 [0m12.715 ms - -[0m
[0mGET /stocks/5dd17b5617a2a72cc82761ab [36m304 [0m12.524 ms - -[0m
[0mGET /stocks/5dd17b5617a2a72cc82761ba [36m304 [0m12.433 ms - -[0m
[0mGET /stocks/5dd17b5617a2a72cc82761bc [36m304 [0m12.777 ms - -[0m
[0mGET /stocks/5dd17b5617a2a72cc82761bf [36m304 [0m12.904 ms - -[0m
[0mGET /stocks/5dd17b5617a2a72cc82761c1 [36m304 [0m12.388 ms - -[0m
[0mGET /stocks/5dd17b5617a2a72cc82761c6 [36m304 [0m12.569 ms - -[0m
[0mGET /stocks/5dd17b5617a2a72cc82761cf [36m304 [0m12.376 ms - -[0m
[0mGET /stocks/5dd17b5617a2a72cc82761d1 [36m304 [0m12.900 ms - -[0m
[0mGET /stocks/5dd17b5617a2a72cc82761f8 [36m304 [0m12.937 ms - -[0m
[0mGET /stocks/5dd17b5617a2a72cc82761fe [36m304 [0m12.390 ms - -[0m
[0mGET /stocks/5dd17b5617a2a72cc8276212 [36m304 [0m12.545 ms - -[0m
[0mGET /stocks/5dd17b5617a2a72cc8276215 [36m304 [0m12.916 ms - -[0m
[0mGET /stocks/5dd17b5617a2a72cc8276218 [36m304 [0m12.880 ms - -[0m
[0mGET /stocks/5dd17b5617a2a72cc8276229 [36m304 [0m12.990 ms - -[0m
[0mGET /stocks/5dd17b5617a2a72cc827622d [36m304 [0m12.427 ms - -[0m
[0mGET /stocks/5dd17b5617a2a72cc8276261 [36m304 [0m12.544 ms - -[0m
[0mGET /stocks/5dd17b5617a2a72cc827629b [36m304 [0m12.384 ms - -[0m
[0mGET /stocks/5dd17b5617a2a72cc82762a2 [36m304 [0m12.705 ms - -[0m
[0mGET /stocks/5dd17b5617a2a72cc82762ac [36m304 [0m13.040 ms - -[0m
[0mGET /stocks/5dd17b5617a2a72cc82762b9 [36m304 [0m12.586 ms - -[0m
[0mGET /stocks/5dd17b5617a2a72cc82762ca [36m304 [0m12.572 ms - -[0m
[0mGET /stocks/5dd17b5617a2a72cc82762d0 [36m304 [0m12.418 ms - -[0m
[0mGET /stocks/5dd17b5617a2a72cc827630e [36m304 [0m12.781 ms - -[0m
[0mGET /stocks/5dd17b5617a2a72cc8276311 [36m304 [0m12.932 ms - -[0m
[0mGET /stocks/5dd17b5617a2a72cc8276318 [36m304 [0m12.629 ms - -[0m
[0mGET /stocks/5dd17b5617a2a72cc827631c [36m304 [0m12.347 ms - -[0m
[0mGET /stocks/5dd17b5617a2a72cc8276328 [36m304 [0m12.277 ms - -[0m
[0mGET /stocks/5dd17b5617a2a72cc827632f [36m304 [0m12.946 ms - -[0m
[0mGET /stocks/5dd17b5617a2a72cc827633a [36m304 [0m13.022 ms - -[0m
[0mGET /stocks/5dd17b5617a2a72cc8276343 [36m304 [0m12.750 ms - -[0m
[0mGET /stocks/5dd17b5617a2a72cc8276344 [36m304 [0m12.467 ms - -[0m
[0mGET /stocks/5dd17b5617a2a72cc8276365 [36m304 [0m12.184 ms - -[0m
[0mGET /stocks/5dd17b5617a2a72cc8276373 [36m304 [0m12.604 ms - -[0m
[0mGET /stocks/5dd17b5617a2a72cc827637a [36m304 [0m12.988 ms - -[0m
[0mGET /stocks/5dd17b5617a2a72cc827638a [36m304 [0m12.528 ms - -[0m
[0mGET /stocks/5dd17b5617a2a72cc827638b [36m304 [0m12.721 ms - -[0m
[0mGET /stocks/5dd17b5617a2a72cc82763a7 [36m304 [0m12.428 ms - -[0m
[0mGET /stocks/5dd17b5617a2a72cc82763ad [36m304 [0m13.125 ms - -[0m
[0mGET /strategies [36m304 [0m14.928 ms - -[0m
[0mGET /entries [36m304 [0m13.445 ms - -[0m
[0mGET /trades [36m304 [0m12.724 ms - -[0m
[0mGET /strategies [36m304 [0m14.531 ms - -[0m
[0mGET /strategies [36m304 [0m19.928 ms - -[0m
[0mGET /trades [36m304 [0m13.325 ms - -[0m
[0mGET /trades [36m304 [0m13.130 ms - -[0m
[0mGET /strategies [36m304 [0m15.320 ms - -[0m
[0mGET /entries [36m304 [0m15.162 ms - -[0m
[0mGET /trades [36m304 [0m16.995 ms - -[0m
[0mGET /strategies [36m304 [0m18.863 ms - -[0m
[0mGET /stylesheets/style.css [36m304 [0m0.300 ms - -[0m
[0mGET /stylesheets/card.css [36m304 [0m0.184 ms - -[0m
[0mGET /stylesheets/automation.css [36m304 [0m0.189 ms - -[0m
[0mGET /ember/ember.css [36m304 [0m0.305 ms - -[0m
[0mGET /ember/vendor-d41d8cd98f00b204e9800998ecf8427e.css [36m304 [0m0.252 ms - -[0m
[0mGET /ember/client-b08848f66855a585d2f6a332f9de4f75.css [36m304 [0m0.309 ms - -[0m
[0mGET /ember/entry-b096e1570ef5488a598361edc3fad5df.css [36m304 [0m0.241 ms - -[0m
[0mGET /ember/property-6c0bdc81a46df941a1856063ee1e8f3d.css [36m304 [0m0.196 ms - -[0m
[0mGET /ember/strategy-cb8b4beab5196b4303db3c1aeca4a2d4.css [36m304 [0m0.296 ms - -[0m
[0mGET / [32m200 [0m120.587 ms - 18067[0m
[0mGET /events [32m200 [0m0.297 ms - -[0m
[0mGET /stylesheets/style.css [32m200 [0m0.458 ms - 446[0m
[0mGET /ember/ember.css [32m200 [0m0.392 ms - 144[0m
[0mGET /ember/client-df4de52221daff602605053b4c0ddae4.js [32m200 [0m0.352 ms - 50753[0m
[0mGET /stylesheets/card.css [32m200 [0m0.476 ms - 659[0m
[0mGET /stylesheets/automation.css [32m200 [0m0.316 ms - 781[0m
[0mGET /ember/vendor-d41d8cd98f00b204e9800998ecf8427e.css [32m200 [0m0.457 ms - -[0m
[0mGET /ember/vendor-5536c6f2d6c10dc7780654d33a91ef3f.js [32m200 [0m0.328 ms - 717022[0m
[0mGET /ember/client-b08848f66855a585d2f6a332f9de4f75.css [32m200 [0m0.458 ms - 1628[0m
[0mGET /ember/strategy-cb8b4beab5196b4303db3c1aeca4a2d4.css [32m200 [0m0.460 ms - 130[0m
[0mGET /ember/entry-b096e1570ef5488a598361edc3fad5df.css [32m200 [0m0.320 ms - 1689[0m
[0mGET /ember/property-6c0bdc81a46df941a1856063ee1e8f3d.css [32m200 [0m0.361 ms - 204[0m
[0mGET /zerodha/isloggedin [32m200 [0m9.232 ms - 36[0m
[0mGET /entries [32m200 [0m13.857 ms - 3634[0m
[0mGET /strategies [32m200 [0m20.065 ms - 8507[0m
[0mGET /trades [32m200 [0m17.821 ms - 665[0m
[0mGET /properties/autoLogin [32m200 [0m12.935 ms - 107[0m
[0mGET /users [32m200 [0m12.976 ms - 156[0m
[0mGET /favicon.ico [33m404 [0m18.463 ms - 3701[0m
[0mGET /stocks/5dd17b5617a2a72cc82746b8 [32m200 [0m13.178 ms - 129[0m
[0mGET /stocks/5dd17b5617a2a72cc8275f99 [32m200 [0m12.545 ms - 126[0m
[0mGET /stocks/5dd17b5617a2a72cc8275fef [32m200 [0m12.159 ms - 122[0m
[0mGET /stocks/5dd17b5617a2a72cc8274620 [32m200 [0m12.745 ms - 122[0m
[0mGET /stocks/5dd17b5617a2a72cc827462b [32m200 [0m12.893 ms - 122[0m
[0mGET /stocks/5dd17b5617a2a72cc8274633 [32m200 [0m12.887 ms - 123[0m
[0mGET /stocks/5dd17b5617a2a72cc8274653 [32m200 [0m12.373 ms - 125[0m
[0mGET /stocks/5dd17b5617a2a72cc8274657 [32m200 [0m12.408 ms - 125[0m
[0mGET /stocks/5dd17b5617a2a72cc82746ec [32m200 [0m12.760 ms - 127[0m
[0mGET /stocks/5dd17b5617a2a72cc82746ff [32m200 [0m12.952 ms - 122[0m
[0mGET /stocks/5dd17b5617a2a72cc8274700 [32m200 [0m12.998 ms - 122[0m
[0mGET /stocks/5dd17b5617a2a72cc8274748 [32m200 [0m12.607 ms - 127[0m
[0mGET /stocks/5dd17b5617a2a72cc827475d [32m200 [0m12.585 ms - 125[0m
[0mGET /stocks/5dd17b5617a2a72cc8274769 [32m200 [0m12.554 ms - 121[0m
[0mGET /stocks/5dd17b5617a2a72cc8274775 [32m200 [0m12.984 ms - 122[0m
[0mGET /stocks/5dd17b5617a2a72cc8274776 [32m200 [0m13.077 ms - 127[0m
[0mGET /stocks/5dd17b5617a2a72cc827479e [32m200 [0m12.628 ms - 122[0m
[0mGET /stocks/5dd17b5617a2a72cc82747be [32m200 [0m12.466 ms - 129[0m
[0mGET /stocks/5dd17b5617a2a72cc82747c0 [32m200 [0m12.624 ms - 123[0m
[0mGET /stocks/5dd17b5617a2a72cc82747c6 [32m200 [0m12.850 ms - 129[0m
[0mGET /stocks/5dd17b5617a2a72cc82747d2 [32m200 [0m12.784 ms - 128[0m
[0mGET /stocks/5dd17b5617a2a72cc8274810 [32m200 [0m12.664 ms - 125[0m
[0mGET /stocks/5dd17b5617a2a72cc8274816 [32m200 [0m12.625 ms - 122[0m
[0mGET /stocks/5dd17b5617a2a72cc827481a [32m200 [0m12.666 ms - 128[0m
[0mGET /stocks/5dd17b5617a2a72cc8274824 [32m200 [0m12.836 ms - 128[0m
[0mGET /stocks/5dd17b5617a2a72cc8274833 [32m200 [0m17.862 ms - 126[0m
[0mGET /stocks/5dd17b5617a2a72cc8274827 [32m200 [0m16.071 ms - 120[0m
[0mGET /stocks/5dd17b5617a2a72cc827483b [32m200 [0m13.193 ms - 129[0m
[0mGET /stocks/5dd17b5617a2a72cc8274841 [32m200 [0m12.912 ms - 128[0m
[0mGET /stocks/5dd17b5617a2a72cc8274849 [32m200 [0m13.580 ms - 127[0m
[0mGET /stocks/5dd17b5617a2a72cc827484e [32m200 [0m12.966 ms - 127[0m
[0mGET /stocks/5dd17b5617a2a72cc8274852 [32m200 [0m12.500 ms - 129[0m
[0mGET /stocks/5dd17b5617a2a72cc8274859 [32m200 [0m13.135 ms - 127[0m
[0mGET /stocks/5dd17b5617a2a72cc8274867 [32m200 [0m12.634 ms - 127[0m
[0mGET /stocks/5dd17b5617a2a72cc827486b [32m200 [0m16.056 ms - 127[0m
[0mGET /stocks/5dd17b5617a2a72cc827486f [32m200 [0m32.896 ms - 127[0m
[0mGET /stocks/5dd17b5617a2a72cc82748ab [32m200 [0m32.338 ms - 123[0m
[0mGET /stocks/5dd17b5617a2a72cc82748bf [32m200 [0m26.081 ms - 128[0m
[0mGET /stocks/5dd17b5617a2a72cc82748c5 [32m200 [0m15.928 ms - 126[0m
[0mGET /stocks/5dd17b5617a2a72cc82748d0 [32m200 [0m32.058 ms - 125[0m
[0mGET /stocks/5dd17b5617a2a72cc82748df [32m200 [0m25.588 ms - 127[0m
[0mGET /stocks/5dd17b5617a2a72cc82748f7 [32m200 [0m22.718 ms - 125[0m
[0mGET /stocks/5dd17b5617a2a72cc8274911 [32m200 [0m30.903 ms - 127[0m
[0mGET /stocks/5dd17b5617a2a72cc82748f2 [32m200 [0m52.468 ms - 127[0m
[0mGET /stocks/5dd17b5617a2a72cc8274912 [32m200 [0m16.484 ms - 127[0m
[0mGET /stocks/5dd17b5617a2a72cc8274927 [32m200 [0m34.645 ms - 127[0m
[0mGET /stocks/5dd17b5617a2a72cc827492a [32m200 [0m31.795 ms - 127[0m
[0mGET /stocks/5dd17b5617a2a72cc827495c [32m200 [0m30.480 ms - 129[0m
[0mGET /stocks/5dd17b5617a2a72cc827495d [32m200 [0m22.175 ms - 129[0m
[0mGET /stocks/5dd17b5617a2a72cc827495f [32m200 [0m54.222 ms - 124[0m
[0mGET /stocks/5dd17b5617a2a72cc8274965 [32m200 [0m16.750 ms - 119[0m
[0mGET /stocks/5dd17b5617a2a72cc82749b4 [32m200 [0m36.105 ms - 124[0m
[0mGET /stocks/5dd17b5617a2a72cc82749be [32m200 [0m22.447 ms - 124[0m
[0mGET /stocks/5dd17b5617a2a72cc82749b9 [32m200 [0m26.568 ms - 127[0m
[0mGET /stocks/5dd17b5617a2a72cc82749c8 [32m200 [0m34.266 ms - 127[0m
[0mGET /stocks/5dd17b5617a2a72cc8275c97 [32m200 [0m13.469 ms - 129[0m
[0mGET /stocks/5dd17b5617a2a72cc8275d3e [32m200 [0m13.476 ms - 126[0m
[0mGET /stocks/5dd17b5617a2a72cc8275d44 [32m200 [0m13.193 ms - 126[0m
[0mGET /stocks/5dd17b5617a2a72cc8275d3f [32m200 [0m12.802 ms - 126[0m
[0mGET /stocks/5dd17b5617a2a72cc8275d5c [32m200 [0m13.170 ms - 126[0m
[0mGET /stocks/5dd17b5617a2a72cc8275ed2 [32m200 [0m13.065 ms - 125[0m
[0mGET /stocks/5dd17b5617a2a72cc8275ed3 [32m200 [0m12.927 ms - 121[0m
[0mGET /stocks/5dd17b5617a2a72cc8275ed9 [32m200 [0m13.220 ms - 121[0m
[0mGET /stocks/5dd17b5617a2a72cc8275f86 [32m200 [0m12.798 ms - 127[0m
[0mGET /stocks/5dd17b5617a2a72cc8275f98 [32m200 [0m13.063 ms - 122[0m
[0mGET /stocks/5dd17b5617a2a72cc8275f9d [32m200 [0m13.877 ms - 123[0m
[0mGET /stocks/5dd17b5617a2a72cc8275fcf [32m200 [0m13.281 ms - 122[0m
[0mGET /stocks/5dd17b5617a2a72cc827603d [32m200 [0m13.436 ms - 122[0m
[0mGET /stocks/5dd17b5617a2a72cc827605d [32m200 [0m13.034 ms - 124[0m
[0mGET /stocks/5dd17b5617a2a72cc827606f [32m200 [0m13.119 ms - 126[0m
[0mGET /stocks/5dd17b5617a2a72cc8276075 [32m200 [0m13.030 ms - 127[0m
[0mGET /stocks/5dd17b5617a2a72cc8276081 [32m200 [0m12.933 ms - 128[0m
[0mGET /stocks/5dd17b5617a2a72cc82760a2 [32m200 [0m12.995 ms - 128[0m
[0mGET /stocks/5dd17b5617a2a72cc82760ad [32m200 [0m12.417 ms - 121[0m
[0mGET /stocks/5dd17b5617a2a72cc82760b9 [32m200 [0m13.547 ms - 129[0m
[0mGET /stocks/5dd17b5617a2a72cc82760cb [32m200 [0m12.632 ms - 129[0m
[0mGET /stocks/5dd17b5617a2a72cc82760dd [32m200 [0m12.990 ms - 125[0m
[0mGET /stocks/5dd17b5617a2a72cc82760eb [32m200 [0m13.119 ms - 127[0m
[0mGET /stocks/5dd17b5617a2a72cc8276109 [32m200 [0m12.785 ms - 124[0m
[0mGET /stocks/5dd17b5617a2a72cc827610c [32m200 [0m12.909 ms - 127[0m
[0mGET /stocks/5dd17b5617a2a72cc8276129 [32m200 [0m12.479 ms - 126[0m
[0mGET /stocks/5dd17b5617a2a72cc827614b [32m200 [0m12.729 ms - 127[0m
[0mGET /stocks/5dd17b5617a2a72cc827615c [32m200 [0m13.760 ms - 129[0m
[0mGET /stocks/5dd17b5617a2a72cc827615d [32m200 [0m12.876 ms - 126[0m
[0mGET /stocks/5dd17b5617a2a72cc8276164 [32m200 [0m13.234 ms - 122[0m
[0mGET /stocks/5dd17b5617a2a72cc827617a [32m200 [0m16.911 ms - 126[0m
[0mGET /stocks/5dd17b5617a2a72cc8276193 [32m200 [0m13.790 ms - 124[0m
[0mGET /stocks/5dd17b5617a2a72cc82761a4 [32m200 [0m13.177 ms - 129[0m
[0mGET /stocks/5dd17b5617a2a72cc82761ab [32m200 [0m12.912 ms - 129[0m
[0mGET /stocks/5dd17b5617a2a72cc82761ba [32m200 [0m12.920 ms - 129[0m
[0mGET /stocks/5dd17b5617a2a72cc82761bc [32m200 [0m12.625 ms - 129[0m
[0mGET /stocks/5dd17b5617a2a72cc82761bf [32m200 [0m12.426 ms - 128[0m
[0mGET /stocks/5dd17b5617a2a72cc82761c1 [32m200 [0m12.982 ms - 127[0m
[0mGET /stocks/5dd17b5617a2a72cc82761c6 [32m200 [0m12.881 ms - 126[0m
[0mGET /stocks/5dd17b5617a2a72cc82761cf [32m200 [0m12.913 ms - 124[0m
[0mGET /stocks/5dd17b5617a2a72cc82761f8 [32m200 [0m12.729 ms - 122[0m
[0mGET /stocks/5dd17b5617a2a72cc82761d1 [32m200 [0m12.314 ms - 121[0m
[0mGET /stocks/5dd17b5617a2a72cc82761fe [32m200 [0m12.790 ms - 128[0m
[0mGET /stocks/5dd17b5617a2a72cc8276212 [32m200 [0m12.981 ms - 125[0m
[0mGET /stocks/5dd17b5617a2a72cc8276215 [32m200 [0m13.177 ms - 122[0m
[0mGET /stocks/5dd17b5617a2a72cc8276218 [32m200 [0m12.657 ms - 128[0m
[0mGET /stocks/5dd17b5617a2a72cc8276229 [32m200 [0m12.756 ms - 127[0m
[0mGET /stocks/5dd17b5617a2a72cc827622d [32m200 [0m12.854 ms - 123[0m
[0mGET /stocks/5dd17b5617a2a72cc8276261 [32m200 [0m13.949 ms - 127[0m
[0mGET /stocks/5dd17b5617a2a72cc827629b [32m200 [0m13.085 ms - 123[0m
[0mGET /stocks/5dd17b5617a2a72cc82762a2 [32m200 [0m12.601 ms - 123[0m
[0mGET /stocks/5dd17b5617a2a72cc82762ac [32m200 [0m12.536 ms - 128[0m
[0mGET /stocks/5dd17b5617a2a72cc82762b9 [32m200 [0m12.870 ms - 128[0m
[0mGET /stocks/5dd17b5617a2a72cc82762ca [32m200 [0m12.974 ms - 129[0m
[0mGET /stocks/5dd17b5617a2a72cc82762d0 [32m200 [0m12.920 ms - 125[0m
[0mGET /stocks/5dd17b5617a2a72cc827630e [32m200 [0m12.414 ms - 125[0m
[0mGET /stocks/5dd17b5617a2a72cc8276311 [32m200 [0m12.274 ms - 128[0m
[0mGET /stocks/5dd17b5617a2a72cc8276318 [32m200 [0m24.469 ms - 126[0m
[0mGET /stocks/5dd17b5617a2a72cc827631c [32m200 [0m13.042 ms - 124[0m
[0mGET /stocks/5dd17b5617a2a72cc827632f [32m200 [0m13.074 ms - 128[0m
[0mGET /stocks/5dd17b5617a2a72cc8276328 [32m200 [0m12.471 ms - 122[0m
[0mGET /stocks/5dd17b5617a2a72cc827633a [32m200 [0m12.910 ms - 122[0m
[0mGET /stocks/5dd17b5617a2a72cc8276343 [32m200 [0m13.047 ms - 122[0m
[0mGET /stocks/5dd17b5617a2a72cc8276344 [32m200 [0m13.101 ms - 126[0m
[0mGET /stocks/5dd17b5617a2a72cc8276365 [32m200 [0m13.578 ms - 129[0m
[0mGET /stocks/5dd17b5617a2a72cc8276373 [32m200 [0m12.931 ms - 121[0m
[0mGET /stocks/5dd17b5617a2a72cc827637a [32m200 [0m13.544 ms - 127[0m
[0mGET /stocks/5dd17b5617a2a72cc827638a [32m200 [0m12.712 ms - 122[0m
[0mGET /stocks/5dd17b5617a2a72cc827638b [32m200 [0m13.307 ms - 126[0m
[0mGET /stocks/5dd17b5617a2a72cc82763a7 [32m200 [0m13.712 ms - 127[0m
[0mGET /stocks/5dd17b5617a2a72cc82763ad [32m200 [0m12.744 ms - 126[0m
[0mGET /strategies [36m304 [0m15.508 ms - -[0m
[0mGET /trades [36m304 [0m13.496 ms - -[0m
[0mGET /trades [36m304 [0m13.367 ms - -[0m
[0mGET /strategies [36m304 [0m14.421 ms - -[0m
[0mGET /entries [36m304 [0m13.716 ms - -[0m
[0mGET /strategies [36m304 [0m17.493 ms - -[0m
[0mGET /trades [36m304 [0m12.801 ms - -[0m
[0mGET /strategies [36m304 [0m14.577 ms - -[0m
[0mGET /entries [36m304 [0m15.365 ms - -[0m
[0mGET /trades [36m304 [0m13.621 ms - -[0m
[0mGET /strategies [36m304 [0m17.326 ms - -[0m
[0mGET /strategies [36m304 [0m14.631 ms - -[0m
[0mGET /trades [36m304 [0m13.820 ms - -[0m
[0mGET /trades [36m304 [0m13.046 ms - -[0m
[0mGET /strategies [36m304 [0m14.185 ms - -[0m
[0mGET /strategies [36m304 [0m18.276 ms - -[0m
[0mGET /entries [36m304 [0m13.093 ms - -[0m
[0mGET /trades [36m304 [0m13.699 ms - -[0m
[0mGET /strategies [36m304 [0m14.631 ms - -[0m
[0mGET /entries [36m304 [0m13.757 ms - -[0m
[0mGET /trades [36m304 [0m13.224 ms - -[0m
[0mGET /strategies [36m304 [0m15.079 ms - -[0m
[0mGET /trades [36m304 [0m13.346 ms - -[0m
[0mGET /strategies [36m304 [0m14.619 ms - -[0m
[0mGET /trades [36m304 [0m13.143 ms - -[0m
[0mGET /strategies [36m304 [0m14.459 ms - -[0m
[0mGET /entries [36m304 [0m16.689 ms - -[0m
[0mGET /trades [36m304 [0m13.295 ms - -[0m
[0mGET /strategies [36m304 [0m15.845 ms - -[0m
[0mGET /strategies [36m304 [0m14.325 ms - -[0m
[0mGET /trades [36m304 [0m13.227 ms - -[0m
[0mGET /trades [36m304 [0m13.144 ms - -[0m
[0mGET /strategies [36m304 [0m14.484 ms - -[0m
[0mGET /entries [36m304 [0m13.812 ms - -[0m
[0mGET /strategies [36m304 [0m13.932 ms - -[0m
[0mGET /trades [36m304 [0m12.538 ms - -[0m
[0mGET /strategies [36m304 [0m14.689 ms - -[0m
[0mGET /trades [36m304 [0m14.022 ms - -[0m
[0mGET /trades [36m304 [0m13.081 ms - -[0m
[0mGET /strategies [36m304 [0m14.291 ms - -[0m
[0mGET /entries [36m304 [0m15.674 ms - -[0m
[0mGET /trades [36m304 [0m15.197 ms - -[0m
[0mGET /strategies [36m304 [0m23.680 ms - -[0m
[0mGET /strategies [36m304 [0m14.422 ms - -[0m
[0mGET /trades [36m304 [0m12.984 ms - -[0m
[0mGET /trades [36m304 [0m13.231 ms - -[0m
[0mGET /entries [36m304 [0m13.795 ms - -[0m
[0mGET /strategies [36m304 [0m15.702 ms - -[0m
[0mGET /trades [36m304 [0m12.577 ms - -[0m
[0mGET /strategies [36m304 [0m14.198 ms - -[0m
[0mGET /trades [36m304 [0m15.174 ms - -[0m
[0mGET /strategies [36m304 [0m16.785 ms - -[0m
[0mGET /trades [36m304 [0m15.874 ms - -[0m
[0mGET /entries [36m304 [0m24.132 ms - -[0m
