Attached;  [<data_feed.DataSaver object at 0x7f11b677ee50>]
Attached;  [<data_feed.DataSaver object at 0x7f11b677ee50>, <data_manager.DataManager object at 0x7f11b677efa0>]
Polling
Polling
Polling
Polling
Polling
Polling
Polling
Polling
Polling
Polling
Polling
Polling
Polling
Polling
Polling
Polling
Polling
Polling
 * Serving Flask app "zerodha_orders" (lazy loading)
 * Environment: production
   WARNING: This is a development server. Do not use it in a production deployment.
   Use a production WSGI server instead.
 * Debug mode: off
 * Running on http://127.0.0.1:5000/ (Press CTRL+C to quit)
